<?xml version="1.0" encoding="UTF-8"?>
<!-- Generated by org.testng.reporters.JUnitReportReporter -->
<testsuite hostname="DESKTOP-CRT2G8C" failures="0" tests="2" name="com.amazon.qa.testcases.LoginPageTest" time="55.891" errors="0" timestamp="12 Jun 2020 05:12:59 GMT">
  <testcase classname="com.amazon.qa.testcases.LoginPageTest" name="ToverifyLoginFunctionality" time="30.112"/>
  <testcase classname="com.amazon.qa.testcases.LoginPageTest" name="ToVerifyThePageTitle" time="25.779"/>
</testsuite> <!-- com.amazon.qa.testcases.LoginPageTest -->
