<?xml version="1.0" encoding="UTF-8"?>
<!-- Generated by org.testng.reporters.JUnitReportReporter -->
<testsuite hostname="DESKTOP-CRT2G8C" name="com.amazon.qa.testcases.LoginPageTest" tests="2" failures="0" timestamp="1 Oct 2019 04:25:29 GMT" time="34.480" errors="0">
  <testcase name="titletest" time="7.365" classname="com.amazon.qa.testcases.LoginPageTest"/>
  <testcase name="loginIntoPage" time="27.115" classname="com.amazon.qa.testcases.LoginPageTest"/>
</testsuite> <!-- com.amazon.qa.testcases.LoginPageTest -->
