<?xml version="1.0" encoding="UTF-8"?>
<!-- Generated by org.testng.reporters.JUnitReportReporter -->
<testsuite hostname="DESKTOP-CRT2G8C" name="com.amazon.qa.testcases.HomePageTest" tests="3" failures="0" timestamp="6 Oct 2019 11:49:55 GMT" time="113.300" errors="0">
  <testcase name="verifyusername" time="32.023" classname="com.amazon.qa.testcases.HomePageTest"/>
  <testcase name="Navigatetobook" time="56.770" classname="com.amazon.qa.testcases.HomePageTest"/>
  <testcase name="click_on_CC" time="24.507" classname="com.amazon.qa.testcases.HomePageTest"/>
</testsuite> <!-- com.amazon.qa.testcases.HomePageTest -->
