<?xml version="1.0" encoding="UTF-8"?>
<!-- Generated by org.testng.reporters.JUnitReportReporter -->
<testsuite hostname="DESKTOP-CRT2G8C" name="com.amazon.qa.testcases.SocialStudiesBookTest" tests="3" failures="0" timestamp="6 Oct 2019 11:49:55 GMT" time="113.085" errors="0">
  <testcase name="verificationOfSocialBookTitlePage" time="38.079" classname="com.amazon.qa.testcases.SocialStudiesBookTest"/>
  <testcase name="ClickOnTheFirstSocailBook" time="29.405" classname="com.amazon.qa.testcases.SocialStudiesBookTest"/>
  <testcase name="NameofBook" time="45.601" classname="com.amazon.qa.testcases.SocialStudiesBookTest"/>
</testsuite> <!-- com.amazon.qa.testcases.SocialStudiesBookTest -->
