<?xml version="1.0" encoding="UTF-8"?>
<!-- Generated by org.testng.reporters.JUnitReportReporter -->
<testsuite hostname="DESKTOP-CRT2G8C" name="com.amazon.qa.testcases.SocialStudiesBookTest" tests="2" failures="0" timestamp="5 Oct 2019 08:21:29 GMT" time="77.413" errors="0">
  <testcase name="verificationOfSocialBookTitlePage" time="36.931" classname="com.amazon.qa.testcases.SocialStudiesBookTest"/>
  <testcase name="ClickOnTheFirstSocailBook" time="40.482" classname="com.amazon.qa.testcases.SocialStudiesBookTest"/>
</testsuite> <!-- com.amazon.qa.testcases.SocialStudiesBookTest -->
