<?xml version="1.0" encoding="UTF-8"?>
<!-- Generated by org.testng.reporters.JUnitReportReporter -->
<testsuite hostname="DESKTOP-CRT2G8C" name="com.amazon.qa.testcases.HomePageTest" tests="2" failures="0" timestamp="5 Oct 2019 07:15:05 GMT" time="55.086" errors="0">
  <testcase name="verifyusername" time="15.573" classname="com.amazon.qa.testcases.HomePageTest"/>
  <testcase name="Navigatetobook" time="39.513" classname="com.amazon.qa.testcases.HomePageTest"/>
</testsuite> <!-- com.amazon.qa.testcases.HomePageTest -->
