<?xml version="1.0" encoding="UTF-8"?>
<!-- Generated by org.testng.reporters.JUnitReportReporter -->
<testsuite hostname="DESKTOP-CRT2G8C" name="com.amazon.qa.testcases.DerisedBookTest" tests="2" failures="0" timestamp="4 Oct 2019 06:05:25 GMT" time="98.972" errors="0">
  <testcase name="verificationOfBookTitlePage" time="56.498" classname="com.amazon.qa.testcases.DerisedBookTest"/>
  <testcase name="NavigationTOSocailScienceBook_Page" time="42.474" classname="com.amazon.qa.testcases.DerisedBookTest"/>
</testsuite> <!-- com.amazon.qa.testcases.DerisedBookTest -->
