<?xml version="1.0" encoding="UTF-8"?>
<!-- Generated by org.testng.reporters.JUnitReportReporter -->
<testsuite hostname="DESKTOP-CRT2G8C" name="com.amazon.qa.testcases.SignupPageTest" tests="1" failures="0" timestamp="10 Aug 2019 11:50:15 GMT" time="23.696" errors="0">
  <testcase name="fillform" time="23.696" classname="com.amazon.qa.testcases.SignupPageTest"/>
</testsuite> <!-- com.amazon.qa.testcases.SignupPageTest -->
