<?xml version="1.0" encoding="UTF-8"?>
<!-- Generated by org.testng.reporters.JUnitReportReporter -->
<testsuite hostname="DESKTOP-CRT2G8C" failures="0" tests="2" name="com.amazon.qa.testcases.LoginPageTest" time="39.794" errors="0" timestamp="24 Apr 2020 12:13:57 GMT">
  <testcase classname="com.amazon.qa.testcases.LoginPageTest" name="ToverifyLoginFunctionality" time="22.037"/>
  <testcase classname="com.amazon.qa.testcases.LoginPageTest" name="ToVerifyThePageTitle" time="17.757"/>
</testsuite> <!-- com.amazon.qa.testcases.LoginPageTest -->
