<?xml version="1.0" encoding="UTF-8"?>
<!-- Generated by org.testng.reporters.JUnitReportReporter -->
<testsuite hostname="DESKTOP-CRT2G8C" name="com.amazon.qa.testcases.School_BookTest" tests="2" failures="0" timestamp="5 Oct 2019 07:55:40 GMT" time="74.942" errors="0">
  <testcase name="NavigationTOSocailScienceBook_Page" time="47.756" classname="com.amazon.qa.testcases.School_BookTest"/>
  <testcase name="verificationOfBookTitlePage" time="27.186" classname="com.amazon.qa.testcases.School_BookTest"/>
</testsuite> <!-- com.amazon.qa.testcases.School_BookTest -->
