<?xml version="1.0" encoding="UTF-8"?>
<!-- Generated by org.testng.reporters.JUnitReportReporter -->
<testsuite hostname="DESKTOP-CRT2G8C" name="com.amazon.qa.testcases.CarttestCases.CartSectionTest" tests="1" failures="0" timestamp="6 Oct 2019 09:58:22 GMT" time="34.851" errors="0">
  <testcase name="SelectionOfQauntity" time="34.851" classname="com.amazon.qa.testcases.CarttestCases.CartSectionTest"/>
</testsuite> <!-- com.amazon.qa.testcases.CarttestCases.CartSectionTest -->
