<?xml version="1.0" encoding="UTF-8"?>
<!-- Generated by org.testng.reporters.JUnitReportReporter -->
<testsuite hostname="DESKTOP-CRT2G8C" name="com.amazon.qa.testcases.CarttestCases.CartSectionTest" tests="1" failures="0" timestamp="8 Oct 2019 06:15:47 GMT" time="51.031" errors="0">
  <testcase name="CartVerification" time="51.031" classname="com.amazon.qa.testcases.CarttestCases.CartSectionTest"/>
</testsuite> <!-- com.amazon.qa.testcases.CarttestCases.CartSectionTest -->
